<?xml version="1.0" encoding="UTF-8"?>
<!-- Generated by org.testng.reporters.JUnitXMLReporter -->
<testsuite hostname="DESKTOP-KVT697K" name="Test" tests="4" failures="2" timestamp="18 Dec 2020 23:38:00 GMT" time="0.095" errors="0">
  <testcase name="f" time="0.019" classname="ui.NewTest4"/>
  <testcase name="f" time="0.003" classname="ui.NewTest3">
    <failure type="java.lang.AssertionError" message="expected:&amp;lt;testing&amp;gt; but was:&amp;lt;manual&amp;gt;">
      <![CDATA[java.lang.AssertionError: expected:<testing> but was:<manual>
	at ui.NewTest3.f(NewTest3.java:12)
... Removed 26 stack frames]]>
    </failure>
  </testcase> <!-- f -->
  <testcase name="f1" time="0.0" classname="ui.NewTest3">
    <failure type="java.lang.AssertionError" message="expected:&amp;lt;automation&amp;gt; but was:&amp;lt;Automation&amp;gt;">
      <![CDATA[java.lang.AssertionError: expected:<automation> but was:<Automation>
	at ui.NewTest3.f1(NewTest3.java:17)
... Removed 26 stack frames]]>
    </failure>
  </testcase> <!-- f1 -->
  <testcase name="f2" time="0.001" classname="ui.NewTest3"/>
</testsuite> <!-- Test -->
